=== Thu 29 Jan 16:34:44 +03 2026 - ÇELEBİLER USV (TEKNOFEST 2026) BAŞLATILIYOR ===
[HOST] Ağ ayarları kontrol ediliyor...
[HOST] IP ayarı zaten doğru.
#2013 (30.01 fps) exp 32876.00 ag 2.42 dg 1.00
#2014 (30.02 fps) exp 32876.00 ag 2.42 dg 1.00
[HOST] Kamera yayını (TCP:8888 720p @ 30fps) başlatılıyor...
[5:09:39.980234758] [15952] [1;32m INFO [1;37mCamera [1;34mcamera_manager.cpp:340 [0mlibcamera v0.6.0+rpt20251202
[5:09:40.003148766] [15956] [1;33m WARN [1;37mCameraSensorProperties [1;34mcamera_sensor_properties.cpp:548 [0mNo static properties available for 'imx708_wide'
[5:09:40.003233578] [15956] [1;33m WARN [1;37mCameraSensorProperties [1;34mcamera_sensor_properties.cpp:550 [0mPlease consider updating the camera sensor properties database
[5:09:40.021064627] [15956] [1;32m INFO [1;37mIPAProxy [1;34mipa_proxy.cpp:180 [0mUsing tuning file /usr/share/libcamera/ipa/rpi/vc4/imx708_wide.json
[5:09:40.026695664] [15956] [1;33m WARN [1;37mCameraSensor [1;34mcamera_sensor_legacy.cpp:502 [0;32m'imx708_wide': [0mNo sensor delays found in static properties. Assuming unverified defaults.
[5:09:40.027994945] [15956] [1;32m INFO [1;37mCamera [1;34mcamera_manager.cpp:223 [0mAdding camera '/base/soc/i2c0mux/i2c@1/imx708@1a' for pipeline handler rpi/vc4
[5:09:40.028230939] [15956] [1;32m INFO [1;37mRPI [1;34mvc4.cpp:445 [0mRegistered camera /base/soc/i2c0mux/i2c@1/imx708@1a to Unicam device /dev/media0 and ISP device /dev/media2
[5:09:40.028303289] [15956] [1;32m INFO [1;37mRPI [1;34mpipeline_base.cpp:1111 [0mUsing configuration file '/usr/share/libcamera/pipeline/rpi/vc4/rpi_apps.yaml'
[HOST] Docker (ege_ros) kontrol ediliyor...
[HOST] Docker içi otonom sistem tetikleniyor...
[HOST] Sistem başarıyla tetiklendi. Arka planda çalışıyor.
Made X/EGL preview window
Made DRM preview window
Preview window unavailable
Mode selection for 1280:720:12:P(30)
    SRGGB10_CSI2P,1536x864/120.135 - Score: 1100
    SRGGB10_CSI2P,2304x1296/56.0255 - Score: 1400
    SRGGB10_CSI2P,4608x2592/14.3536 - Score: 33592.8
[5:09:52.440551190] [15952] [1;32m INFO [1;37mCamera [1;34mcamera.cpp:1215 [0mconfiguring streams: (0) 1280x720-YUV420/sYCC (1) 1536x864-SBGGR10_CSI2P/RAW
[5:09:52.441436500] [15956] [1;32m INFO [1;37mRPI [1;34mvc4.cpp:620 [0mSensor: /base/soc/i2c0mux/i2c@1/imx708@1a - Selected sensor format: 1536x864-SBGGR10_1X10/RAW - Selected unicam format: 1536x864-pBAA/RAW
#7 (0.00 fps) exp 32876.00 ag 6.06 dg 1.00
#8 (30.01 fps) exp 32876.00 ag 5.92 dg 1.00
Received signal 13
terminate called after throwing an instance of 'std::runtime_error'
  what():  failed to send data on socket
